<?xml version="1.0" encoding="UTF-8"?>
<!-- Generated by org.testng.reporters.JUnitReportReporter -->
<testsuite hostname="38f9d3a5bc17" failures="0" tests="1" name="com.app.test.ios.IosSmokeTest" time="8.056" errors="0" timestamp="10 Sep 2019 19:00:05 GMT" skipped="0">
  <testcase classname="com.app.test.ios.IosSmokeTest" name="logIn" time="8.056"/>
</testsuite> <!-- com.app.test.ios.IosSmokeTest -->
